p/road49.png 1 0 0 41 84
p/road12.png 1 0 0 20 42
p/road31.png 1 0 0 31 69
p/road14.png 1 0 0 69 146
p/road37.png 1 0 0 41 128
p/road28.png 1 0 0 18 33
p/road10.png 1 0 0 139 261
p/road8.png 1 0 0 39 65
p/road2.png 1 0 0 31 83
p/road38.png 1 0 0 53 103
p/road42.png 1 0 0 45 114
p/road30.png 1 0 0 62 116
p/road39.png 1 0 0 130 358
p/road51.png 1 0 0 59 127
p/road1.png 1 0 0 105 219
p/road25.png 1 0 0 15 33
p/road43.png 1 0 0 15 32
p/road40.png 1 0 0 29 71
p/road0.png 1 0 0 111 171
p/road275.png 1 0 0 57 108
p/road41.png 1 0 0 33 75
p/road44.png 1 0 0 21 46
p/road22.png 1 0 0 43 140
p/road21.png 1 0 0 20 39
p/road50.png 1 0 0 20 53
p/road32.png 1 0 0 147 324
p/road24.png 1 0 0 59 113
p/road3.png 1 0 0 59 128
p/road48.png 1 0 0 48 119
p/road35.png 1 0 0 113 41
p/road825.png 1 0 0 20 29
p/road164.png 1 0 0 54 71
p/road822.png 1 0 0 24 45
p/road34.png 1 0 0 157 383
p/road846.png 1 0 0 21 55
p/road47.png 1 0 0 115 243
p/road33.png 1 0 0 156 382
p/road27.png 1 0 0 30 70
p/road195.png 1 0 0 55 74
p/road820.png 1 0 0 12 24
p/road26.png 1 0 0 45 137
p/road6.png 1 0 0 82 175
p/road16.png 1 0 0 17 40
p/road7.png 1 0 0 40 74
p/road17.png 1 0 0 41 53
p/road582.png 1 0 0 17 43
p/road23.png 1 0 0 27 54
p/road29.png 1 0 0 104 73
p/road46.png 1 0 0 61 105
p/road20.png 1 0 0 60 137
p/road9.png 1 0 0 78 218
p/road36.png 1 0 0 48 98
p/road11.png 1 0 0 20 35
p/road15.png 1 0 0 42 56