p/road839.png 1 0 0 31 29
p/road328.png 1 0 0 87 90
p/road115.png 1 0 0 104 99
p/road762.png 1 0 0 22 23
p/road234.png 1 0 0 12 12
p/road698.png 1 0 0 40 40
p/road830.png 1 0 0 85 82
p/road492.png 1 0 0 73 72
p/road827.png 1 0 0 59 60
p/road751.png 1 0 0 32 32
p/road857.png 1 0 0 63 63
p/road526.png 1 0 0 50 51
p/road182.png 1 0 0 19 19
p/road214.png 1 0 0 19 20
p/road863.png 1 0 0 25 26
p/road218.png 1 0 0 12 10
p/road527.png 1 0 0 50 53
p/road731.png 1 0 0 47 47
p/road627.png 1 0 0 74 74
p/road604.png 1 0 0 48 49
p/road708.png 1 0 0 72 75
p/road829.png 1 0 0 74 72
p/road391.png 1 0 0 66 65
p/road608.png 1 0 0 31 33
p/road232.png 1 0 0 16 14
p/road322.png 1 0 0 47 64
p/road287.png 1 0 0 47 48
p/road509.png 1 0 0 39 38
p/road697.png 1 0 0 32 33
p/road409.png 1 0 0 26 26
p/road619.png 1 0 0 53 56
p/road110.png 1 0 0 182 172
p/road294.png 1 0 0 96 96
p/road428.png 1 0 0 111 115
p/road304.png 1 0 0 33 33
p/road425.png 1 0 0 56 56
p/road677.png 1 0 0 31 33
p/road448.png 1 0 0 31 31
p/road794.png 1 0 0 63 63
p/road734.png 1 0 0 96 99
p/road510.png 1 0 0 45 45
p/road704.png 1 0 0 29 29
p/road364.png 1 0 0 66 65
p/road225.png 1 0 0 11 11
p/road792.png 1 0 0 39 40
p/road702.png 1 0 0 28 32
p/road502.png 1 0 0 77 100
p/road742.png 1 0 0 23 24
p/road490.png 1 0 0 51 49
p/road565.png 1 0 0 53 54
p/road262.png 1 0 0 28 28
p/road468.png 1 0 0 41 42
p/road408.png 1 0 0 20 21
p/road507.png 1 0 0 88 87
p/road505.png 1 0 0 58 58
p/road104.png 1 0 0 297 332
p/road452.png 1 0 0 74 75
p/road601.png 1 0 0 27 26
p/road477.png 1 0 0 69 68
p/road797.png 1 0 0 26 26
p/road421.png 1 0 0 80 80
p/road512.png 1 0 0 26 26
p/road837.png 1 0 0 86 85
p/road640.png 1 0 0 49 49
p/road833.png 1 0 0 27 26
p/road556.png 1 0 0 78 76
p/road717.png 1 0 0 20 22
p/road623.png 1 0 0 38 39
p/road398.png 1 0 0 34 34
p/road828.png 1 0 0 66 66
p/road406.png 1 0 0 29 28
p/road703.png 1 0 0 36 50
p/road844.png 1 0 0 81 80
p/road853.png 1 0 0 29 28
p/road436.png 1 0 0 80 81
p/road221.png 1 0 0 24 24
p/road219.png 1 0 0 13 11
p/road384.png 1 0 0 39 38
p/road811.png 1 0 0 55 53
p/road779.png 1 0 0 128 128
p/road276.png 1 0 0 22 21
p/road480.png 1 0 0 137 135
p/road850.png 1 0 0 19 19
p/road657.png 1 0 0 24 24
p/road102.png 1 0 0 207 208
p/road618.png 1 0 0 35 35
p/road233.png 1 0 0 20 21
p/road871.png 1 0 0 28 28
p/road653.png 1 0 0 21 22
p/road739.png 1 0 0 46 46
p/road396.png 1 0 0 58 58
p/road875.png 1 0 0 12 14
p/road735.png 1 0 0 20 19
p/road478.png 1 0 0 85 85
p/road597.png 1 0 0 43 44
p/road834.png 1 0 0 36 36
p/road854.png 1 0 0 34 33
p/road366.png 1 0 0 60 57
p/road542.png 1 0 0 45 40
p/road741.png 1 0 0 79 82
p/road456.png 1 0 0 52 54
p/road327.png 1 0 0 62 62
p/road670.png 1 0 0 61 61
p/road696.png 1 0 0 27 28
p/road841.png 1 0 0 42 42
p/road737.png 1 0 0 29 29
p/road360.png 1 0 0 45 45
p/road815.png 1 0 0 41 42
p/road787.png 1 0 0 33 32
p/road305.png 1 0 0 149 224
p/road314.png 1 0 0 58 58
p/road239.png 1 0 0 10 10
p/road450.png 1 0 0 46 47
p/road805.png 1 0 0 58 57
p/road616.png 1 0 0 21 20
p/road280.png 1 0 0 45 46
p/road595.png 1 0 0 29 28
p/road869.png 1 0 0 86 85
p/road245.png 1 0 0 22 23
p/road212.png 1 0 0 12 12
p/road393.png 1 0 0 34 35
p/road345.png 1 0 0 96 95
p/road694.png 1 0 0 102 103
p/road761.png 1 0 0 19 19
p/road341.png 1 0 0 32 34
p/road867.png 1 0 0 52 52
p/road463.png 1 0 0 83 86
p/road661.png 1 0 0 77 80
p/road651.png 1 0 0 45 48
p/road407.png 1 0 0 13 12
p/road563.png 1 0 0 64 62
p/road118.png 1 0 0 213 213
p/road487.png 1 0 0 34 33
p/road202.png 1 0 0 49 49
p/road392.png 1 0 0 32 31
p/road257.png 1 0 0 19 19
p/road475.png 1 0 0 50 50
p/road541.png 1 0 0 42 42
p/road293.png 1 0 0 55 60
p/road843.png 1 0 0 64 63
p/road457.png 1 0 0 61 64
p/road798.png 1 0 0 34 32
p/road438.png 1 0 0 44 43
p/road868.png 1 0 0 67 68
p/road856.png 1 0 0 45 45
p/road785.png 1 0 0 95 96
p/road566.png 1 0 0 51 52
p/road519.png 1 0 0 29 28
p/road745.png 1 0 0 44 44
p/road174.png 1 0 0 45 50