p/road97.png 1 0 0 89 89
p/road631.png 1 0 0 33 32
p/road69.png 1 0 0 227 189
p/road95.png 1 0 0 179 157
p/road673.png 1 0 0 20 21
p/road356.png 1 0 0 100 100
p/road52.png 1 0 0 205 202
p/road354.png 1 0 0 91 91
p/road63.png 1 0 0 202 226
p/road823.png 1 0 0 85 87
p/road630.png 1 0 0 28 28
p/road59.png 1 0 0 196 190
p/road67.png 1 0 0 148 153
p/road819.png 1 0 0 26 26
p/road61.png 1 0 0 295 270
p/road339.png 1 0 0 115 118
p/road73.png 1 0 0 180 190
p/road185.png 1 0 0 12 18
p/road94.png 1 0 0 222 179
p/road65.png 1 0 0 129 127
p/road821.png 1 0 0 49 48
p/road634.png 1 0 0 46 46
p/road80.png 1 0 0 369 366
p/road270.png 1 0 0 49 50
p/road72.png 1 0 0 133 103
p/road289.png 1 0 0 86 88
p/road71.png 1 0 0 146 149
p/road302.png 1 0 0 30 31
p/road60.png 1 0 0 384 384
p/road81.png 1 0 0 149 147
p/road77.png 1 0 0 212 221
p/road92.png 1 0 0 143 177
p/road374.png 1 0 0 66 66
p/road99.png 1 0 0 182 180
p/road635.png 1 0 0 54 54
p/road56.png 1 0 0 119 117
p/road54.png 1 0 0 216 214
p/road87.png 1 0 0 119 118
p/road55.png 1 0 0 89 92
p/road58.png 1 0 0 274 272
p/road53.png 1 0 0 132 131
p/road89.png 1 0 0 53 56
p/road303.png 1 0 0 140 147
p/road66.png 1 0 0 217 205
p/road68.png 1 0 0 243 223
p/road637.png 1 0 0 90 88
p/road76.png 1 0 0 134 143
p/road74.png 1 0 0 144 139
p/road676.png 1 0 0 39 40
p/road98.png 1 0 0 239 229
p/road632.png 1 0 0 37 37
p/road306.png 1 0 0 97 99
p/road78.png 1 0 0 82 75
p/road82.png 1 0 0 151 152
p/road86.png 1 0 0 112 111
p/road62.png 1 0 0 90 89
p/road93.png 1 0 0 176 173
p/road633.png 1 0 0 40 39
p/road75.png 1 0 0 97 95
p/road824.png 1 0 0 102 109
p/road674.png 1 0 0 24 25
p/road64.png 1 0 0 328 268
p/road91.png 1 0 0 93 116
p/road876.png 1 0 0 15 18
p/road70.png 1 0 0 141 103
p/road85.png 1 0 0 151 148
p/road83.png 1 0 0 51 48
p/road79.png 1 0 0 238 221