p/road204.png 1 0 0 110 109
p/road495.png 1 0 0 62 61
p/road148.png 1 0 0 87 126
p/road580.png 1 0 0 40 39
p/road137.png 1 0 0 128 128
p/road155.png 1 0 0 147 128
p/road532.png 1 0 0 20 23
p/road130.png 1 0 0 20 21
p/road153.png 1 0 0 236 300
p/road127.png 1 0 0 45 46
p/road465.png 1 0 0 67 68
p/road145.png 1 0 0 133 138
p/road133.png 1 0 0 118 118
p/road548.png 1 0 0 73 78
p/road143.png 1 0 0 117 119
p/road782.png 1 0 0 28 38
p/road187.png 1 0 0 28 28
p/road464.png 1 0 0 58 58
p/road669.png 1 0 0 10 12
p/road205.png 1 0 0 111 110
p/road460.png 1 0 0 80 80
p/road315.png 1 0 0 18 19
p/road171.png 1 0 0 28 37
p/road149.png 1 0 0 155 123
p/road166.png 1 0 0 62 65
p/road462.png 1 0 0 87 81
p/road656.png 1 0 0 28 27
p/road193.png 1 0 0 54 57
p/road183.png 1 0 0 46 49
p/road176.png 1 0 0 77 109
p/road324.png 1 0 0 70 69
p/road165.png 1 0 0 56 80
p/road125.png 1 0 0 154 132
p/road123.png 1 0 0 121 123
p/road576.png 1 0 0 43 42
p/road152.png 1 0 0 152 149
p/road135.png 1 0 0 146 90
p/road124.png 1 0 0 138 151
p/road140.png 1 0 0 41 41
p/road598.png 1 0 0 40 40
p/road864.png 1 0 0 9 8
p/road167.png 1 0 0 53 76
p/road178.png 1 0 0 64 68
p/road300.png 1 0 0 72 102
p/road573.png 1 0 0 95 85
p/road146.png 1 0 0 128 126
p/road583.png 1 0 0 33 36
p/road122.png 1 0 0 190 214
p/road158.png 1 0 0 58 59
p/road128.png 1 0 0 126 141
p/road141.png 1 0 0 98 90
p/road136.png 1 0 0 36 43
p/road546.png 1 0 0 81 81
p/road200.png 1 0 0 57 63
p/road658.png 1 0 0 34 33
p/road189.png 1 0 0 51 58
p/road129.png 1 0 0 101 96
p/road168.png 1 0 0 34 35
p/road138.png 1 0 0 58 58
p/road826.png 1 0 0 17 26
p/road190.png 1 0 0 47 49
p/road131.png 1 0 0 22 24
p/road150.png 1 0 0 116 121
p/road170.png 1 0 0 34 32
p/road144.png 1 0 0 226 192
p/road544.png 1 0 0 55 55
p/road318.png 1 0 0 98 97
p/road579.png 1 0 0 27 27
p/road564.png 1 0 0 77 78
p/road151.png 1 0 0 120 150
p/road147.png 1 0 0 131 135
p/road134.png 1 0 0 142 172
p/road156.png 1 0 0 210 207
p/road560.png 1 0 0 45 45
p/road154.png 1 0 0 22 19
p/road581.png 1 0 0 44 45
p/road578.png 1 0 0 48 47
p/road534.png 1 0 0 23 14
p/road142.png 1 0 0 117 125